<?xml version="1.0" encoding="UTF-8"?>
<testng-results ignored="0" total="1" passed="1" failed="0" skipped="0">
  <reporter-output>
  </reporter-output>
  <suite started-at="2023-03-29T05:19:19Z" name="Default suite" finished-at="2023-03-29T05:19:19Z" duration-ms="19">
    <groups>
    </groups>
    <test started-at="2023-03-29T05:19:19Z" name="Default test" finished-at="2023-03-29T05:19:19Z" duration-ms="19">
      <class name="javaTester.Topic_12_Access_Modifier_1">
        <test-method signature="TC_01()[pri:0, instance:javaTester.Topic_12_Access_Modifier_1@40e6dfe1]" started-at="2023-03-29T05:19:19Z" name="TC_01" finished-at="2023-03-29T05:19:19Z" duration-ms="6" status="PASS">
          <reporter-output>
          </reporter-output>
        </test-method> <!-- TC_01 -->
      </class> <!-- javaTester.Topic_12_Access_Modifier_1 -->
    </test> <!-- Default test -->
  </suite> <!-- Default suite -->
</testng-results>
